[2017-04-15 11:00:38.835] [ERROR] app-jk-error - 记录详情
[2017-04-15 11:03:12.869] [ERROR] app-jk-error - 记录详情
[2017-04-15 11:05:23.163] [ERROR] app-jk-error - 记录详情
[2017-04-15 11:07:23.940] [ERROR] app-jk-error - 记录错误
[2017-04-15 11:14:54.456] [ERROR] app-jk-error - 记录错误
[2017-04-15 11:14:54.460] [INFO] app-jk-error - 
[2017-04-15 11:14:54.461] [WARN] app-jk-error - 记录错误
[2017-04-15 11:14:54.462] [DEBUG] app-jk-error - 记录错误
[2017-04-15 11:14:54.463] [INFO] app-jk-error - 
[2017-04-15 11:15:38.581] [ERROR] app-jk-error - 记录错误
[2017-04-15 11:15:38.585] [INFO] app-jk-error - 记录错误
[2017-04-15 11:15:38.587] [WARN] app-jk-error - 记录错误
[2017-04-15 11:15:38.587] [DEBUG] app-jk-error - 记录错误
[2017-04-15 11:18:48.618] [ERROR] app-jk-error - 错误
[2017-04-15 11:18:48.622] [INFO] app-jk-error - 信息
[2017-04-15 11:18:48.623] [WARN] app-jk-error - 警告
[2017-04-15 11:18:48.624] [DEBUG] app-jk-error - 测试
[2017-04-15 11:19:12.755] [ERROR] app-jk-error - 错误
[2017-04-15 11:19:12.760] [INFO] app-jk-error - 信息
[2017-04-15 11:19:12.761] [WARN] app-jk-error - 警告
[2017-04-15 11:19:12.762] [DEBUG] app-jk-error - 测试
[2017-04-15 12:47:04.362] [ERROR] app-jk-error - 错误
[2017-04-15 12:47:04.366] [INFO] app-jk-error - 信息
[2017-04-15 12:47:04.367] [WARN] app-jk-error - 警告
陈良
[2017-04-15 12:47:04.368] [DEBUG] app-jk-error - 测试
[2017-04-15 12:53:04.060] [ERROR] app-jk-error - 错误
[2017-04-15 12:53:04.063] [INFO] app-jk-error - 信息
[2017-04-15 12:53:04.065] [WARN] app-jk-error - 警告cc
[2017-04-15 12:53:04.066] [DEBUG] app-jk-error - 测试
[2017-04-15 17:08:00.411] [ERROR] app-jk-error - 错误
[2017-04-15 17:08:00.422] [INFO] app-jk-error - 信息
[2017-04-15 17:08:00.423] [WARN] app-jk-error - 警告cc
[2017-04-15 17:08:00.423] [DEBUG] app-jk-error - 测试
[2017-04-15 17:08:30.182] [ERROR] app-jk-error - 错误
[2017-04-15 17:08:30.186] [INFO] app-jk-error - 信息
[2017-04-15 17:08:30.186] [WARN] app-jk-error - 警告cc
[2017-04-15 17:08:30.186] [DEBUG] app-jk-error - 测试
[2017-04-15 17:08:42.212] [ERROR] app-jk-error - 错误
[2017-04-15 17:08:42.216] [INFO] app-jk-error - 信息
[2017-04-15 17:08:42.218] [WARN] app-jk-error - 警告cc
[2017-04-15 17:08:42.219] [DEBUG] app-jk-error - 测试
[2017-04-15 17:09:59.509] [ERROR] app-jk-error - 错误
[2017-04-15 17:09:59.512] [INFO] app-jk-error - 信息
[2017-04-15 17:09:59.512] [WARN] app-jk-error - 警告cc
[2017-04-15 17:09:59.512] [DEBUG] app-jk-error - 测试
